c:\users\diogo\desktop\ludus-sdl\ludus-sdl\x64\debug\vc143.pdb
c:\users\diogo\desktop\ludus-sdl\ludus-sdl\x64\debug\vc143.idb
c:\users\diogo\desktop\ludus-sdl\ludus-sdl\x64\debug\entity.obj
c:\users\diogo\desktop\ludus-sdl\ludus-sdl\x64\debug\application.obj
c:\users\diogo\desktop\ludus-sdl\ludus-sdl\x64\debug\explosion.obj
c:\users\diogo\documents\github\ludussdl\ludus-sdl\x64\debug\vc143.pdb
c:\users\diogo\documents\github\ludussdl\ludus-sdl\x64\debug\vc143.idb
c:\users\diogo\documents\github\ludussdl\ludus-sdl\x64\debug\entity.obj
c:\users\diogo\documents\github\ludussdl\ludus-sdl\x64\debug\application.obj
c:\users\diogo\desktop\ludus-sdl\x64\debug\ludus-sdl.exe
c:\users\diogo\desktop\ludus-sdl\ludus-sdl\x64\debug\ludus-sdl.ilk
c:\users\diogo\desktop\ludus-sdl\x64\debug\ludus-sdl.pdb
c:\users\diogo\documents\github\ludussdl\x64\debug\ludus-sdl.exe
c:\users\diogo\documents\github\ludussdl\ludus-sdl\x64\debug\ludus-sdl.ilk
c:\users\diogo\documents\github\ludussdl\x64\debug\ludus-sdl.pdb
c:\users\diogo\documents\github\ludussdl\ludus-sdl\x64\debug\explosion.obj
c:\users\diogo\documents\github\ludussdl\ludus-sdl\x64\debug\ludus-sdl.tlog\cl.command.1.tlog
c:\users\diogo\documents\github\ludussdl\ludus-sdl\x64\debug\ludus-sdl.tlog\cl.read.1.tlog
c:\users\diogo\documents\github\ludussdl\ludus-sdl\x64\debug\ludus-sdl.tlog\cl.write.1.tlog
c:\users\diogo\documents\github\ludussdl\ludus-sdl\x64\debug\ludus-sdl.tlog\link.command.1.tlog
c:\users\diogo\documents\github\ludussdl\ludus-sdl\x64\debug\ludus-sdl.tlog\link.read.1.tlog
c:\users\diogo\documents\github\ludussdl\ludus-sdl\x64\debug\ludus-sdl.tlog\link.write.1.tlog
